#
# There is insufficient memory for the Java Runtime Environment to continue.
# Native memory allocation (malloc) failed to allocate 153856 bytes for Chunk::new
# Possible reasons:
#   The system is out of physical RAM or swap space
#   In 32 bit mode, the process size limit was hit
# Possible solutions:
#   Reduce memory load on the system
#   Increase physical memory or swap space
#   Check if swap backing store is full
#   Use 64 bit Java on a 64 bit OS
#   Decrease Java heap size (-Xmx/-Xms)
#   Decrease number of Java threads
#   Decrease Java thread stack sizes (-Xss)
#   Set larger code cache with -XX:ReservedCodeCacheSize=
# This output file may be truncated or incomplete.
#
#  Out of Memory Error (allocation.cpp:390), pid=26280, tid=0x0000000000004660
#
# JRE version: OpenJDK Runtime Environment (8.0_152-b01) (build 1.8.0_152-release-1343-b01)
# Java VM: OpenJDK 64-Bit Server VM (25.152-b01 mixed mode windows-amd64 compressed oops)
# Failed to write core dump. Minidumps are not enabled by default on client versions of Windows
#

---------------  T H R E A D  ---------------

Current thread (0x0000000016454000):  JavaThread "C2 CompilerThread1" daemon [_thread_in_native, id=18016, stack(0x0000000017b90000,0x0000000017c90000)]

Stack: [0x0000000017b90000,0x0000000017c90000]
[error occurred during error reporting (printing stack bounds), id 0xc0000005]

Native frames: (J=compiled Java code, j=interpreted, Vv=VM code, C=native code)


Current CompileTask:
C2:  25012 4217       4       java.lang.AbstractStringBuilder::append (54 bytes)


---------------  P R O C E S S  ---------------

Java Threads: ( => current thread )
  0x000000001d41f800 JavaThread "Cache worker for Build Output Cleanup Cache (C:\Users\Bazibuhe Bashige\Desktop\andro\minerals\.gradle\buildOutputCleanup)" [_thread_blocked, id=15748, stack(0x0000000020ee0000,0x0000000020fe0000)]
  0x000000001d41f000 JavaThread "Build operations Thread 4" [_thread_blocked, id=3452, stack(0x00000000209e0000,0x0000000020ae0000)]
  0x000000001d41a800 JavaThread "Build operations Thread 3" [_thread_blocked, id=26916, stack(0x00000000208e0000,0x00000000209e0000)]
  0x000000001d41c000 JavaThread "Build operations Thread 2" [_thread_blocked, id=6416, stack(0x00000000207e0000,0x00000000208e0000)]
  0x000000001d41c800 JavaThread "Build operations" [_thread_blocked, id=16600, stack(0x00000000206e0000,0x00000000207e0000)]
  0x000000001d41b000 JavaThread "Cache worker for execution history cache (C:\Users\Bazibuhe Bashige\.gradle\caches\5.1.1\executionHistory)" [_thread_blocked, id=7412, stack(0x00000000201e0000,0x00000000202e0000)]
  0x00000000186ef000 JavaThread "Cache worker for cache directory md-rule (C:\Users\Bazibuhe Bashige\.gradle\caches\5.1.1\md-rule)" [_thread_blocked, id=14356, stack(0x00000000200e0000,0x00000000201e0000)]
  0x00000000186ed800 JavaThread "Cache worker for cache directory md-supplier (C:\Users\Bazibuhe Bashige\.gradle\caches\5.1.1\md-supplier)" [_thread_blocked, id=16528, stack(0x000000001ffe0000,0x00000000200e0000)]
  0x00000000186ed000 JavaThread "Cache worker for file hash cache (C:\Users\Bazibuhe Bashige\Desktop\andro\minerals\.gradle\5.1.1\fileHashes)" [_thread_blocked, id=5028, stack(0x000000001d2b0000,0x000000001d3b0000)]
  0x00000000186ec000 JavaThread "Cache worker for journal cache (C:\Users\Bazibuhe Bashige\.gradle\caches\journal-1)" [_thread_blocked, id=7000, stack(0x000000001bee0000,0x000000001bfe0000)]
  0x00000000186f0800 JavaThread "File lock request listener" [_thread_in_native, id=24044, stack(0x000000001bde0000,0x000000001bee0000)]
  0x0000000016490800 JavaThread "Cache worker for file hash cache (C:\Users\Bazibuhe Bashige\.gradle\caches\5.1.1\fileHashes)" [_thread_blocked, id=15088, stack(0x000000001bce0000,0x000000001bde0000)]
  0x0000000019438800 JavaThread "Thread-8" [_thread_blocked, id=19724, stack(0x000000001bbe0000,0x000000001bce0000)]
  0x0000000019436000 JavaThread "Stdin handler" [_thread_blocked, id=5556, stack(0x000000001bae0000,0x000000001bbe0000)]
  0x0000000019426000 JavaThread "Asynchronous log dispatcher for DefaultDaemonConnection: socket connection from /127.0.0.1:53000 to /127.0.0.1:53001" [_thread_blocked, id=13604, stack(0x000000001b9e0000,0x000000001bae0000)]
  0x0000000019423000 JavaThread "Daemon worker" [_thread_in_native, id=14880, stack(0x000000001b8e0000,0x000000001b9e0000)]
  0x0000000019420800 JavaThread "Cancel handler" [_thread_blocked, id=27268, stack(0x000000001b7e0000,0x000000001b8e0000)]
  0x0000000018c33800 JavaThread "Handler for socket connection from /127.0.0.1:53000 to /127.0.0.1:53001" [_thread_in_native, id=24492, stack(0x000000001b4e0000,0x000000001b5e0000)]
  0x0000000018c31800 JavaThread "Daemon" [_thread_blocked, id=17740, stack(0x000000001b3e0000,0x000000001b4e0000)]
  0x0000000018b8d000 JavaThread "Daemon periodic checks" [_thread_blocked, id=8920, stack(0x000000001b2e0000,0x000000001b3e0000)]
  0x0000000019397800 JavaThread "Incoming local TCP Connector on port 53000" [_thread_in_native, id=25144, stack(0x0000000019b60000,0x0000000019c60000)]
  0x0000000017dbb000 JavaThread "Service Thread" daemon [_thread_blocked, id=18144, stack(0x0000000018190000,0x0000000018290000)]
  0x0000000016489800 JavaThread "C1 CompilerThread2" daemon [_thread_in_native, id=25152, stack(0x0000000017c90000,0x0000000017d90000)]
=>0x0000000016454000 JavaThread "C2 CompilerThread1" daemon [_thread_in_native, id=18016, stack(0x0000000017b90000,0x0000000017c90000)]
  0x0000000016452000 JavaThread "C2 CompilerThread0" daemon [_thread_in_native, id=26288, stack(0x0000000017a90000,0x0000000017b90000)]
  0x000000001644d800 JavaThread "Attach Listener" daemon [_thread_blocked, id=3436, stack(0x0000000017990000,0x0000000017a90000)]
  0x000000001644c800 JavaThread "Signal Dispatcher" daemon [_thread_blocked, id=15408, stack(0x0000000017890000,0x0000000017990000)]
  0x0000000002adc000 JavaThread "Finalizer" daemon [_thread_blocked, id=28428, stack(0x00000000176a0000,0x00000000177a0000)]
  0x0000000002ad1000 JavaThread "Reference Handler" daemon [_thread_blocked, id=6464, stack(0x00000000175a0000,0x00000000176a0000)]
  0x00000000029e2800 JavaThread "main" [_thread_blocked, id=404, stack(0x00000000028e0000,0x00000000029e0000)]

Other Threads:
  0x0000000016417800 VMThread [stack: 0x00000000174a0000,0x00000000175a0000] [id=7740]
  0x0000000017dbb800 WatcherThread [stack: 0x0000000018290000,0x0000000018390000] [id=7900]

VM state:not at safepoint (normal execution)

VM Mutex/Monitor currently owned by a thread: None

Heap:
 PSYoungGen      total 110080K, used 2422K [0x00000000e0000000, 0x00000000e7880000, 0x0000000100000000)
  eden space 98304K, 2% used [0x00000000e0000000,0x00000000e025d858,0x00000000e6000000)
  from space 11776K, 0% used [0x00000000e6180000,0x00000000e6180000,0x00000000e6d00000)
  to   space 10240K, 0% used [0x00000000e6e80000,0x00000000e6e80000,0x00000000e7880000)
 ParOldGen       total 82432K, used 17512K [0x00000000a0000000, 0x00000000a5080000, 0x00000000e0000000)
  object space 82432K, 21% used [0x00000000a0000000,0x00000000a111a090,0x00000000a5080000)
 Metaspace       used 49782K, capacity 50592K, committed 51456K, reserved 1097728K
  class space    used 6696K, capacity 6943K, committed 7168K, reserved 1048576K

Card table byte_map: [0x0000000011ea0000,0x00000000121b0000] byte_map_base: 0x00000000119a0000

Marking Bits: (ParMarkBitMap*) 0x0000000056775aa0
 Begin Bits: [0x00000000127b0000, 0x0000000013fb0000)
 End Bits:   [0x0000000013fb0000, 0x00000000157b0000)

Polling page: 0x00000000027e0000

CodeCache: size=245760Kb used=13814Kb max_used=13836Kb free=231945Kb
 bounds [0x0000000002ae0000, 0x0000000003870000, 0x0000000011ae0000]
 total_blobs=4742 nmethods=3968 adapters=687
 compilation: enabled

Compilation events (10 events):
Event: 24.994 Thread 0x0000000016452000 nmethod 4213 0x000000000386ad90 code [0x000000000386aee0, 0x000000000386b018]
Event: 24.994 Thread 0x0000000016489800 4212       3       java.util.regex.Pattern$4::match (14 bytes)
Event: 24.994 Thread 0x0000000016489800 nmethod 4212 0x0000000002c10110 code [0x0000000002c10260, 0x0000000002c10410]
Event: 24.994 Thread 0x0000000016489800 4206       3       com.sun.org.apache.xerces.internal.util.XMLStringBuffer::append (17 bytes)
Event: 24.994 Thread 0x0000000016452000 4215       4       java.util.regex.Pattern$Behind::match (137 bytes)
Event: 24.994 Thread 0x0000000016489800 nmethod 4206 0x0000000002c44190 code [0x0000000002c44300, 0x0000000002c444a8]
Event: 24.995 Thread 0x0000000016489800 4216       3       java.util.regex.Matcher::replaceAll (59 bytes)
Event: 24.996 Thread 0x0000000016489800 nmethod 4216 0x000000000386b490 code [0x000000000386b6a0, 0x000000000386c4b8]
Event: 24.996 Thread 0x0000000016454000 nmethod 4214 0x0000000002c95290 code [0x0000000002c953e0, 0x0000000002c95598]
Event: 24.996 Thread 0x0000000016454000 4217       4       java.lang.AbstractStringBuilder::append (54 bytes)

GC Heap History (10 events):
Event: 24.397 GC heap before
{Heap before GC invocations=20 (full 5):
 PSYoungGen      total 110080K, used 96K [0x00000000e0000000, 0x00000000e7880000, 0x0000000100000000)
  eden space 98304K, 0% used [0x00000000e0000000,0x00000000e0000000,0x00000000e6000000)
  from space 11776K, 0% used [0x00000000e6180000,0x00000000e6198000,0x00000000e6d00000)
  to   space 10240K, 0% used [0x00000000e6e80000,0x00000000e6e80000,0x00000000e7880000)
 ParOldGen       total 82432K, used 22710K [0x00000000a0000000, 0x00000000a5080000, 0x00000000e0000000)
  object space 82432K, 27% used [0x00000000a0000000,0x00000000a162d898,0x00000000a5080000)
 Metaspace       used 49113K, capacity 50146K, committed 50304K, reserved 1097728K
  class space    used 6636K, capacity 6920K, committed 7040K, reserved 1048576K
Event: 24.530 GC heap after
Heap after GC invocations=20 (full 5):
 PSYoungGen      total 110080K, used 0K [0x00000000e0000000, 0x00000000e7880000, 0x0000000100000000)
  eden space 98304K, 0% used [0x00000000e0000000,0x00000000e0000000,0x00000000e6000000)
  from space 11776K, 0% used [0x00000000e6180000,0x00000000e6180000,0x00000000e6d00000)
  to   space 10240K, 0% used [0x00000000e6e80000,0x00000000e6e80000,0x00000000e7880000)
 ParOldGen       total 82432K, used 22702K [0x00000000a0000000, 0x00000000a5080000, 0x00000000e0000000)
  object space 82432K, 27% used [0x00000000a0000000,0x00000000a162b920,0x00000000a5080000)
 Metaspace       used 49113K, capacity 50146K, committed 50304K, reserved 1095680K
  class space    used 6636K, capacity 6920K, committed 7040K, reserved 1048576K
}
Event: 24.655 GC heap before
{Heap before GC invocations=21 (full 5):
 PSYoungGen      total 110080K, used 1930K [0x00000000e0000000, 0x00000000e7880000, 0x0000000100000000)
  eden space 98304K, 1% used [0x00000000e0000000,0x00000000e01e2a50,0x00000000e6000000)
  from space 11776K, 0% used [0x00000000e6180000,0x00000000e6180000,0x00000000e6d00000)
  to   space 10240K, 0% used [0x00000000e6e80000,0x00000000e6e80000,0x00000000e7880000)
 ParOldGen       total 82432K, used 22702K [0x00000000a0000000, 0x00000000a5080000, 0x00000000e0000000)
  object space 82432K, 27% used [0x00000000a0000000,0x00000000a162b920,0x00000000a5080000)
 Metaspace       used 49920K, capacity 50956K, committed 51200K, reserved 1099776K
  class space    used 6726K, capacity 7019K, committed 7168K, reserved 1048576K
Event: 24.658 GC heap after
Heap after GC invocations=21 (full 5):
 PSYoungGen      total 108544K, used 412K [0x00000000e0000000, 0x00000000e7880000, 0x0000000100000000)
  eden space 98304K, 0% used [0x00000000e0000000,0x00000000e0000000,0x00000000e6000000)
  from space 10240K, 4% used [0x00000000e6e80000,0x00000000e6ee71c8,0x00000000e7880000)
  to   space 11776K, 0% used [0x00000000e6180000,0x00000000e6180000,0x00000000e6d00000)
 ParOldGen       total 82432K, used 22710K [0x00000000a0000000, 0x00000000a5080000, 0x00000000e0000000)
  object space 82432K, 27% used [0x00000000a0000000,0x00000000a162d920,0x00000000a5080000)
 Metaspace       used 49920K, capacity 50956K, committed 51200K, reserved 1099776K
  class space    used 6726K, capacity 7019K, committed 7168K, reserved 1048576K
}
Event: 24.658 GC heap before
{Heap before GC invocations=22 (full 6):
 PSYoungGen      total 108544K, used 412K [0x00000000e0000000, 0x00000000e7880000, 0x0000000100000000)
  eden space 98304K, 0% used [0x00000000e0000000,0x00000000e0000000,0x00000000e6000000)
  from space 10240K, 4% used [0x00000000e6e80000,0x00000000e6ee71c8,0x00000000e7880000)
  to   space 11776K, 0% used [0x00000000e6180000,0x00000000e6180000,0x00000000e6d00000)
 ParOldGen       total 82432K, used 22710K [0x00000000a0000000, 0x00000000a5080000, 0x00000000e0000000)
  object space 82432K, 27% used [0x00000000a0000000,0x00000000a162d920,0x00000000a5080000)
 Metaspace       used 49920K, capacity 50956K, committed 51200K, reserved 1099776K
  class space    used 6726K, capacity 7019K, committed 7168K, reserved 1048576K
Event: 24.742 GC heap after
Heap after GC invocations=22 (full 6):
 PSYoungGen      total 108544K, used 0K [0x00000000e0000000, 0x00000000e7880000, 0x0000000100000000)
  eden space 98304K, 0% used [0x00000000e0000000,0x00000000e0000000,0x00000000e6000000)
  from space 10240K, 0% used [0x00000000e6e80000,0x00000000e6e80000,0x00000000e7880000)
  to   space 11776K, 0% used [0x00000000e6180000,0x00000000e6180000,0x00000000e6d00000)
 ParOldGen       total 82432K, used 22953K [0x00000000a0000000, 0x00000000a5080000, 0x00000000e0000000)
  object space 82432K, 27% used [0x00000000a0000000,0x00000000a166a690,0x00000000a5080000)
 Metaspace       used 49920K, capacity 50956K, committed 51200K, reserved 1097728K
  class space    used 6726K, capacity 7019K, committed 7168K, reserved 1048576K
}
Event: 24.742 GC heap before
{Heap before GC invocations=23 (full 6):
 PSYoungGen      total 108544K, used 0K [0x00000000e0000000, 0x00000000e7880000, 0x0000000100000000)
  eden space 98304K, 0% used [0x00000000e0000000,0x00000000e0000000,0x00000000e6000000)
  from space 10240K, 0% used [0x00000000e6e80000,0x00000000e6e80000,0x00000000e7880000)
  to   space 11776K, 0% used [0x00000000e6180000,0x00000000e6180000,0x00000000e6d00000)
 ParOldGen       total 82432K, used 22953K [0x00000000a0000000, 0x00000000a5080000, 0x00000000e0000000)
  object space 82432K, 27% used [0x00000000a0000000,0x00000000a166a690,0x00000000a5080000)
 Metaspace       used 49920K, capacity 50956K, committed 51200K, reserved 1101824K
  class space    used 6726K, capacity 7019K, committed 7168K, reserved 1048576K
Event: 24.744 GC heap after
Heap after GC invocations=23 (full 6):
 PSYoungGen      total 110080K, used 0K [0x00000000e0000000, 0x00000000e7880000, 0x0000000100000000)
  eden space 98304K, 0% used [0x00000000e0000000,0x00000000e0000000,0x00000000e6000000)
  from space 11776K, 0% used [0x00000000e6180000,0x00000000e6180000,0x00000000e6d00000)
  to   space 10240K, 0% used [0x00000000e6e80000,0x00000000e6e80000,0x00000000e7880000)
 ParOldGen       total 82432K, used 22953K [0x00000000a0000000, 0x00000000a5080000, 0x00000000e0000000)
  object space 82432K, 27% used [0x00000000a0000000,0x00000000a166a690,0x00000000a5080000)
 Metaspace       used 49920K, capacity 50956K, committed 51200K, reserved 1101824K
  class space    used 6726K, capacity 7019K, committed 7168K, reserved 1048576K
}
Event: 24.744 GC heap before
{Heap before GC invocations=24 (full 7):
 PSYoungGen      total 110080K, used 0K [0x00000000e0000000, 0x00000000e7880000, 0x0000000100000000)
  eden space 98304K, 0% used [0x00000000e0000000,0x00000000e0000000,0x00000000e6000000)
  from space 11776K, 0% used [0x00000000e6180000,0x00000000e6180000,0x00000000e6d00000)
  to   space 10240K, 0% used [0x00000000e6e80000,0x00000000e6e80000,0x00000000e7880000)
 ParOldGen       total 82432K, used 22953K [0x00000000a0000000, 0x00000000a5080000, 0x00000000e0000000)
  object space 82432K, 27% used [0x00000000a0000000,0x00000000a166a690,0x00000000a5080000)
 Metaspace       used 49920K, capacity 50956K, committed 51200K, reserved 1101824K
  class space    used 6726K, capacity 7019K, committed 7168K, reserved 1048576K
Event: 24.962 GC heap after
Heap after GC invocations=24 (full 7):
 PSYoungGen      total 110080K, used 0K [0x00000000e0000000, 0x00000000e7880000, 0x0000000100000000)
  eden space 98304K, 0% used [0x00000000e0000000,0x00000000e0000000,0x00000000e6000000)
  from space 11776K, 0% used [0x00000000e6180000,0x00000000e6180000,0x00000000e6d00000)
  to   space 10240K, 0% used [0x00000000e6e80000,0x00000000e6e80000,0x00000000e7880000)
 ParOldGen       total 82432K, used 17512K [0x00000000a0000000, 0x00000000a5080000, 0x00000000e0000000)
  object space 82432K, 21% used [0x00000000a0000000,0x00000000a111a090,0x00000000a5080000)
 Metaspace       used 49613K, capacity 50432K, committed 51200K, reserved 1097728K
  class space    used 6667K, capacity 6911K, committed 7168K, reserved 1048576K
}

Deoptimization events (10 events):
Event: 17.586 Thread 0x0000000019423000 Uncommon trap: reason=unstable_if action=reinterpret pc=0x000000000351e8bc method=java.security.CodeSource.matchCerts(Ljava/security/CodeSource;Z)Z @ 11
Event: 17.637 Thread 0x0000000019423000 Uncommon trap: reason=unstable_if action=reinterpret pc=0x000000000354f940 method=java.util.LinkedHashMap.get(Ljava/lang/Object;)Ljava/lang/Object; @ 20
Event: 17.796 Thread 0x0000000019423000 Uncommon trap: reason=unstable_if action=reinterpret pc=0x00000000032bb6e8 method=org.objectweb.asm.ByteVector.putUTF8(Ljava/lang/String;)Lorg/objectweb/asm/ByteVector; @ 93
Event: 22.660 Thread 0x0000000019423000 Uncommon trap: reason=unstable_if action=reinterpret pc=0x0000000002e24a9c method=sun.misc.MetaIndex.mayContain(Ljava/lang/String;)Z @ 38
Event: 24.585 Thread 0x0000000019423000 Uncommon trap: reason=unstable_if action=reinterpret pc=0x000000000305621c method=java.util.WeakHashMap.remove(Ljava/lang/Object;)Ljava/lang/Object; @ 94
Event: 24.618 Thread 0x0000000019423000 Uncommon trap: reason=unstable_if action=reinterpret pc=0x0000000002c276a8 method=java.util.regex.Pattern$BmpCharProperty.match(Ljava/util/regex/Matcher;ILjava/lang/CharSequence;)Z @ 34
Event: 24.969 Thread 0x0000000019423000 Uncommon trap: reason=unstable_if action=reinterpret pc=0x0000000003321e88 method=java.lang.ref.SoftReference.get()Ljava/lang/Object; @ 6
Event: 24.969 Thread 0x0000000019423000 Uncommon trap: reason=unstable_if action=reinterpret pc=0x00000000035de158 method=java.lang.ref.SoftReference.get()Ljava/lang/Object; @ 6
Event: 24.974 Thread 0x0000000019423000 Uncommon trap: reason=unstable_if action=reinterpret pc=0x0000000002eadff4 method=java.lang.ref.SoftReference.get()Ljava/lang/Object; @ 6
Event: 24.983 Thread 0x0000000019423000 Uncommon trap: reason=unstable_if action=reinterpret pc=0x0000000002e210c8 method=java.lang.ref.SoftReference.get()Ljava/lang/Object; @ 6

Classes redefined (0 events):
No events

Internal exceptions (10 events):
Event: 21.560 Thread 0x0000000019423000 Exception <a 'sun/nio/fs/WindowsException'> (0x00000000e2a1c9d8) thrown at [D:\src\AOSP-openjdk-cygwin\jdk8u\hotspot\src\share\vm\prims\jni.cpp, line 709]
Event: 21.561 Thread 0x0000000019423000 Exception <a 'sun/nio/fs/WindowsException'> (0x00000000e2a1fbe0) thrown at [D:\src\AOSP-openjdk-cygwin\jdk8u\hotspot\src\share\vm\prims\jni.cpp, line 709]
Event: 21.561 Thread 0x0000000019423000 Exception <a 'sun/nio/fs/WindowsException'> (0x00000000e2a20b90) thrown at [D:\src\AOSP-openjdk-cygwin\jdk8u\hotspot\src\share\vm\prims\jni.cpp, line 709]
Event: 21.561 Thread 0x0000000019423000 Exception <a 'sun/nio/fs/WindowsException'> (0x00000000e2a22f48) thrown at [D:\src\AOSP-openjdk-cygwin\jdk8u\hotspot\src\share\vm\prims\jni.cpp, line 709]
Event: 21.561 Thread 0x0000000019423000 Exception <a 'sun/nio/fs/WindowsException'> (0x00000000e2a23f38) thrown at [D:\src\AOSP-openjdk-cygwin\jdk8u\hotspot\src\share\vm\prims\jni.cpp, line 709]
Event: 21.655 Thread 0x0000000019423000 Exception <a 'java/lang/ClassNotFoundException': com/sun/org/glassfish/hk2/osgiresourcelocator/ServiceLoader> (0x00000000e2a829d0) thrown at [D:\src\AOSP-openjdk-cygwin\jdk8u\hotspot\src\share\vm\classfile\systemDictionary.cpp, line 210]
Event: 21.968 Thread 0x0000000019423000 Exception <a 'java/lang/NullPointerException'> (0x00000000e2f569b8) thrown at [D:\src\AOSP-openjdk-cygwin\jdk8u\hotspot\src\share\vm\interpreter\linkResolver.cpp, line 1301]
Event: 24.969 Thread 0x0000000019423000 Implicit null exception at 0x000000000331af45 to 0x0000000003321e59
Event: 24.969 Thread 0x0000000019423000 Implicit null exception at 0x00000000035d9d3a to 0x00000000035de111
Event: 24.983 Thread 0x0000000019423000 Implicit null exception at 0x0000000002e20c40 to 0x0000000002e210ad

Events (10 events):
Event: 24.986 loading class java/util/regex/Pattern$Neg done
Event: 24.994 Thread 0x0000000016452000 flushing nmethod 0x0000000002c10110
Event: 24.994 Thread 0x0000000016452000 flushing nmethod 0x0000000002c43e10
Event: 24.994 Thread 0x0000000016452000 flushing nmethod 0x0000000002c48510
Event: 24.994 Thread 0x0000000016489800 flushing nmethod 0x0000000002c95290
Event: 24.994 Thread 0x0000000016489800 flushing nmethod 0x0000000002c9af10
Event: 24.994 Thread 0x0000000016489800 flushing nmethod 0x0000000002cc8b50
Event: 24.996 Thread 0x0000000016489800 flushing nmethod 0x0000000002d04250
Event: 24.996 Thread 0x0000000016489800 flushing nmethod 0x0000000002d16d90
Event: 24.996 Thread 0x0000000016489800 flushing nmethod 0x0000000002d5fa10


Dynamic libraries:
0x00007ff6c3370000 - 0x00007ff6c33a1000 	C:\Program Files\Android\Android Studio\jre\bin\java.exe
0x00007ffb4f2a0000 - 0x00007ffb4f481000 	C:\WINDOWS\SYSTEM32\ntdll.dll
0x00007ffb4d5c0000 - 0x00007ffb4d671000 	C:\WINDOWS\System32\KERNEL32.DLL
0x00007ffb4b720000 - 0x00007ffb4b993000 	C:\WINDOWS\System32\KERNELBASE.dll
0x00007ffb4cf00000 - 0x00007ffb4cfa1000 	C:\WINDOWS\System32\ADVAPI32.dll
0x00007ffb4cb80000 - 0x00007ffb4cc1e000 	C:\WINDOWS\System32\msvcrt.dll
0x00007ffb4d500000 - 0x00007ffb4d55b000 	C:\WINDOWS\System32\sechost.dll
0x00007ffb4d3d0000 - 0x00007ffb4d4f4000 	C:\WINDOWS\System32\RPCRT4.dll
0x00007ffb4cfb0000 - 0x00007ffb4d140000 	C:\WINDOWS\System32\USER32.dll
0x00007ffb4c710000 - 0x00007ffb4c730000 	C:\WINDOWS\System32\win32u.dll
0x00007ffb4cc80000 - 0x00007ffb4cca8000 	C:\WINDOWS\System32\GDI32.dll
0x00007ffb4c520000 - 0x00007ffb4c6b1000 	C:\WINDOWS\System32\gdi32full.dll
0x00007ffb4baa0000 - 0x00007ffb4bb3f000 	C:\WINDOWS\System32\msvcp_win.dll
0x00007ffb4b9a0000 - 0x00007ffb4ba98000 	C:\WINDOWS\System32\ucrtbase.dll
0x00007ffb3a760000 - 0x00007ffb3a9c9000 	C:\WINDOWS\WinSxS\amd64_microsoft.windows.common-controls_6595b64144ccf1df_6.0.17134.829_none_fb46a5473061b9d5\COMCTL32.dll
0x00007ffb4eed0000 - 0x00007ffb4f1f2000 	C:\WINDOWS\System32\combase.dll
0x00007ffb4c250000 - 0x00007ffb4c2ca000 	C:\WINDOWS\System32\bcryptPrimitives.dll
0x00007ffb4ccc0000 - 0x00007ffb4cced000 	C:\WINDOWS\System32\IMM32.DLL
0x00000000568f0000 - 0x00000000569c2000 	C:\Program Files\Android\Android Studio\jre\jre\bin\msvcr100.dll
0x0000000055fb0000 - 0x00000000567f1000 	C:\Program Files\Android\Android Studio\jre\jre\bin\server\jvm.dll
0x00007ffb4cef0000 - 0x00007ffb4cef8000 	C:\WINDOWS\System32\PSAPI.DLL
0x00007ffb40ce0000 - 0x00007ffb40cea000 	C:\WINDOWS\SYSTEM32\VERSION.dll
0x00007ffb47fc0000 - 0x00007ffb47fe3000 	C:\WINDOWS\SYSTEM32\WINMM.dll
0x00007ffb47f90000 - 0x00007ffb47fba000 	C:\WINDOWS\SYSTEM32\winmmbase.dll
0x00007ffb4a1d0000 - 0x00007ffb4a1d9000 	C:\WINDOWS\SYSTEM32\WSOCK32.dll
0x00007ffb4c6c0000 - 0x00007ffb4c709000 	C:\WINDOWS\System32\cfgmgr32.dll
0x00007ffb4ed10000 - 0x00007ffb4ed7c000 	C:\WINDOWS\System32\ws2_32.DLL
0x00007ffb411b0000 - 0x00007ffb411bf000 	C:\Program Files\Android\Android Studio\jre\jre\bin\verify.dll
0x00007ffb395d0000 - 0x00007ffb395f9000 	C:\Program Files\Android\Android Studio\jre\jre\bin\java.dll
0x00007ffb3c8d0000 - 0x00007ffb3c8e6000 	C:\Program Files\Android\Android Studio\jre\jre\bin\zip.dll
0x00007ffb4d8d0000 - 0x00007ffb4ed10000 	C:\WINDOWS\System32\SHELL32.dll
0x00007ffb4d800000 - 0x00007ffb4d8a9000 	C:\WINDOWS\System32\shcore.dll
0x00007ffb4bb40000 - 0x00007ffb4c24d000 	C:\WINDOWS\System32\windows.storage.dll
0x00007ffb4d560000 - 0x00007ffb4d5b1000 	C:\WINDOWS\System32\shlwapi.dll
0x00007ffb4b630000 - 0x00007ffb4b641000 	C:\WINDOWS\System32\kernel.appcore.dll
0x00007ffb4b650000 - 0x00007ffb4b66f000 	C:\WINDOWS\System32\profapi.dll
0x00007ffb4b5b0000 - 0x00007ffb4b5fc000 	C:\WINDOWS\System32\powrprof.dll
0x00007ffb4b600000 - 0x00007ffb4b60a000 	C:\WINDOWS\System32\FLTLIB.DLL
0x00007ffb39fd0000 - 0x00007ffb39fea000 	C:\Program Files\Android\Android Studio\jre\jre\bin\net.dll
0x00007ffb4ae30000 - 0x00007ffb4ae96000 	C:\WINDOWS\system32\mswsock.dll
0x00007ffb397f0000 - 0x00007ffb39801000 	C:\Program Files\Android\Android Studio\jre\jre\bin\nio.dll
0x00007ffb3a580000 - 0x00007ffb3a59e000 	C:\Users\Bazibuhe Bashige\.gradle\native\25\windows-amd64\native-platform.dll
0x00007ffb3e300000 - 0x00007ffb3e30d000 	C:\Program Files\Android\Android Studio\jre\jre\bin\management.dll
0x00007ffb4afe0000 - 0x00007ffb4aff7000 	C:\WINDOWS\SYSTEM32\CRYPTSP.dll
0x00007ffb4aa20000 - 0x00007ffb4aa53000 	C:\WINDOWS\system32\rsaenh.dll
0x00007ffb4b110000 - 0x00007ffb4b135000 	C:\WINDOWS\SYSTEM32\bcrypt.dll
0x00007ffb4b4b0000 - 0x00007ffb4b4d8000 	C:\WINDOWS\SYSTEM32\USERENV.dll
0x00007ffb4b000000 - 0x00007ffb4b00b000 	C:\WINDOWS\SYSTEM32\CRYPTBASE.dll
0x00007ffb4abc0000 - 0x00007ffb4abf8000 	C:\WINDOWS\SYSTEM32\IPHLPAPI.DLL
0x00007ffb4f260000 - 0x00007ffb4f268000 	C:\WINDOWS\System32\NSI.dll
0x00007ffb3e1c0000 - 0x00007ffb3e1d6000 	C:\WINDOWS\SYSTEM32\dhcpcsvc6.DLL
0x00007ffb3ee70000 - 0x00007ffb3ee8a000 	C:\WINDOWS\SYSTEM32\dhcpcsvc.DLL

VM Arguments:
jvm_args: -Xmx1536m -Dfile.encoding=windows-1252 -Duser.country=US -Duser.language=en -Duser.variant 
java_command: org.gradle.launcher.daemon.bootstrap.GradleDaemon 5.1.1
java_class_path (initial): C:\Users\Bazibuhe Bashige\.gradle\wrapper\dists\gradle-5.1.1-all\97z1ksx6lirer3kbvdnh7jtjg\gradle-5.1.1\lib\gradle-launcher-5.1.1.jar
Launcher Type: SUN_STANDARD

Environment Variables:
PATH=C:\Program Files\ImageMagick-7.0.8-Q16;C:\Program Files (x86)\Intel\iCLS Client\;C:\Program Files\Intel\iCLS Client\;C:\WINDOWS\system32;C:\WINDOWS;C:\WINDOWS\System32\Wbem;C:\WINDOWS\System32\WindowsPowerShell\v1.0\;C:\Program Files (x86)\Intel\Intel(R) Management Engine Components\DAL;C:\Program Files\Intel\Intel(R) Management Engine Components\DAL;C:\Program Files (x86)\Intel\Intel(R) Management Engine Components\IPT;C:\Program Files\Intel\Intel(R) Management Engine Components\IPT;C:\Program Files\Intel\WiFi\bin\;C:\Program Files\Common Files\Intel\WirelessCommon\;C:\WINDOWS\System32\OpenSSH\;C:\Program Files (x86)\GtkSharp\2.12\bin;C:\Program Files (x86)\Microsoft SQL Server\100\Tools\Binn\;C:\Program Files\Microsoft SQL Server\100\Tools\Binn\;C:\Program Files\Microsoft SQL Server\100\DTS\Binn\;C:\WINDOWS\system32\config\systemprofile\.dnx\bin;C:\Program Files\Microsoft DNX\Dnvm\;C:\Program Files\Microsoft SQL Server\130\Tools\Binn\;C:\Program Files\Git\cmd;C:\Program Files\Java\jdk-11.0.1\bin
USERNAME=Bazibuhe Bashige
OS=Windows_NT
PROCESSOR_IDENTIFIER=Intel64 Family 6 Model 78 Stepping 3, GenuineIntel



---------------  S Y S T E M  ---------------

OS: Windows 10.0 , 64 bit Build 17134 (10.0.17134.753)

CPU:total 4 (initial active 4) (2 cores per cpu, 2 threads per core) family 6 model 78 stepping 3, cmov, cx8, fxsr, mmx, sse, sse2, sse3, ssse3, sse4.1, sse4.2, popcnt, avx, avx2, aes, clmul, erms, 3dnowpref, lzcnt, ht, tsc, tscinvbit, bmi1, bmi2, adx

Memory: 4k page, physical 8282412k(366380k free), swap 13402128k(228k free)

vm_info: OpenJDK 64-Bit Server VM (25.152-b01) for windows-amd64 JRE (1.8.0_152-release-1343-b01), built by "builder" with MS VC++ 10.0 (VS2010)

time: Mon Jul 08 21:54:57 2019
elapsed time: 25 seconds (0d 0h 0m 25s)

